zoomintobooks/app/build/intermediates/manifest_merge_blame_file/debug/manifest-merger-blame-debug-report.txt
1<?xml version="1.0" encoding="utf-8"?>
2<manifest xmlns:android="http://schemas.android.com/apk/res/android"
3    package="com.example.zoomintobooks"
4    android:versionCode="1"
5    android:versionName="1.0" >
6
7    <uses-sdk
8        android:minSdkVersion="16"
8-->src\main\AndroidManifest.xml
9        android:targetSdkVersion="30" />
9-->src\main\AndroidManifest.xml
10
11    <uses-feature
11-->src\main\AndroidManifest.xml:5:5-7:35
12        android:name="android.hardware.camera.any"
12-->src\main\AndroidManifest.xml:6:9-51
13        android:required="true" />
13-->src\main\AndroidManifest.xml:7:9-32
14    <uses-feature
14-->src\main\AndroidManifest.xml:8:5-10:36
15        android:name="android.hardware.camera.autofocus"
15-->src\main\AndroidManifest.xml:9:9-57
16        android:required="false" />
16-->src\main\AndroidManifest.xml:10:9-33
17
18    <uses-permission android:name="android.permission.CAMERA" />
18-->src\main\AndroidManifest.xml:11:5-81
18-->src\main\AndroidManifest.xml:11:22-62
19    <uses-permission android:name="android.permission.READ_EXTERNAL_STORAGE" />
19-->src\main\AndroidManifest.xml:12:5-96
19-->src\main\AndroidManifest.xml:12:22-77
20    <uses-permission android:name="android.permission.WRITE_EXTERNAL_STORAGE" />
20-->src\main\AndroidManifest.xml:13:5-97
20-->src\main\AndroidManifest.xml:13:22-78
21
22    <application
22-->src\main\AndroidManifest.xml:14:5-38:19
23        android:allowBackup="true"
23-->src\main\AndroidManifest.xml:15:9-35
24        android:appComponentFactory="androidx.core.app.CoreComponentFactory"
24-->[androidx.core:core:1.3.1] AndroidManifest.xml:24:18-86
25        android:debuggable="true"
26        android:icon="@mipmap/ic_launcher"
26-->src\main\AndroidManifest.xml:16:9-43
27        android:label="@string/app_name"
27-->src\main\AndroidManifest.xml:17:9-41
28        android:roundIcon="@mipmap/ic_launcher_round"
28-->src\main\AndroidManifest.xml:18:9-54
29        android:supportsRtl="true"
29-->src\main\AndroidManifest.xml:19:9-35
30        android:theme="@style/AppTheme" >
30-->src\main\AndroidManifest.xml:20:9-40
31        <activity
31-->src\main\AndroidManifest.xml:21:9-23:57
32            android:name="com.example.zoomintobooks.NewPostActivity"
32-->src\main\AndroidManifest.xml:22:13-44
33            android:parentActivityName="com.example.zoomintobooks.MainActivity" />
33-->src\main\AndroidManifest.xml:23:13-55
34        <activity
34-->src\main\AndroidManifest.xml:24:9-25:57
35            android:name="com.example.zoomintobooks.ImageMatchActivity"
35-->src\main\AndroidManifest.xml:24:19-53
36            android:parentActivityName="com.example.zoomintobooks.MainActivity" />
36-->src\main\AndroidManifest.xml:25:13-55
37        <activity
37-->src\main\AndroidManifest.xml:26:9-27:57
38            android:name="com.example.zoomintobooks.Settings"
38-->src\main\AndroidManifest.xml:26:19-42
39            android:parentActivityName="com.example.zoomintobooks.MainActivity" />
39-->src\main\AndroidManifest.xml:27:13-55
40        <activity
40-->src\main\AndroidManifest.xml:28:9-37:20
41            android:name="com.example.zoomintobooks.MainActivity"
41-->src\main\AndroidManifest.xml:29:13-41
42            android:label="@string/app_name"
42-->src\main\AndroidManifest.xml:30:13-45
43            android:theme="@style/AppTheme.NoActionBar" >
43-->src\main\AndroidManifest.xml:31:13-56
44            <intent-filter>
44-->src\main\AndroidManifest.xml:32:13-36:29
45                <action android:name="android.intent.action.MAIN" />
45-->src\main\AndroidManifest.xml:33:17-69
45-->src\main\AndroidManifest.xml:33:25-66
46
47                <category android:name="android.intent.category.LAUNCHER" />
47-->src\main\AndroidManifest.xml:35:17-77
47-->src\main\AndroidManifest.xml:35:27-74
48            </intent-filter>
49        </activity>
50    </application>
51
52</manifest>